<?xml version="1.0" encoding="UTF-8"?>
<robot generator="Robot 5.0.1 (Python 3.10.2 on win32)" generated="20220616 21:20:00.419" rpa="false" schemaversion="3">
<suite id="s1" name="Checkbox" source="C:\Junior\QA\DemoRobotRF\checkbox.robot">
<test id="s1-t1" name="Opening browser" line="11">
<kw name="Open Browser" library="SeleniumLibrary">
<arg>${base_url}</arg>
<arg>${browser_type}</arg>
<doc>Opens a new browser instance to the optional ``url``.</doc>
<msg timestamp="20220616 21:20:00.759" level="INFO">Opening browser 'chrome' to base url 'https://demoqa.com/checkbox'.</msg>
<status status="PASS" starttime="20220616 21:20:00.755" endtime="20220616 21:20:12.384"/>
</kw>
<kw name="Maximize Browser Window" library="SeleniumLibrary">
<doc>Maximizes current browser window.</doc>
<status status="PASS" starttime="20220616 21:20:12.385" endtime="20220616 21:20:12.549"/>
</kw>
<status status="PASS" starttime="20220616 21:20:00.747" endtime="20220616 21:20:12.550"/>
</test>
<test id="s1-t2" name="I am using checkbox" line="15">
<kw name="Click Element" library="SeleniumLibrary">
<arg>(//button[@class="rct-collapse rct-collapse-btn"])[1]</arg>
<doc>Click the element identified by ``locator``.</doc>
<msg timestamp="20220616 21:20:12.580" level="INFO">Clicking element '(//button[@class="rct-collapse rct-collapse-btn"])[1]'.</msg>
<status status="PASS" starttime="20220616 21:20:12.579" endtime="20220616 21:20:12.740"/>
</kw>
<kw name="Click Element" library="SeleniumLibrary">
<arg>(//button[@class="rct-collapse rct-collapse-btn"])[2]</arg>
<doc>Click the element identified by ``locator``.</doc>
<msg timestamp="20220616 21:20:12.741" level="INFO">Clicking element '(//button[@class="rct-collapse rct-collapse-btn"])[2]'.</msg>
<status status="PASS" starttime="20220616 21:20:12.740" endtime="20220616 21:20:12.842"/>
</kw>
<kw name="Click Element" library="SeleniumLibrary">
<arg>//label[@for="tree-node-notes"]</arg>
<doc>Click the element identified by ``locator``.</doc>
<msg timestamp="20220616 21:20:12.847" level="INFO">Clicking element '//label[@for="tree-node-notes"]'.</msg>
<status status="PASS" starttime="20220616 21:20:12.847" endtime="20220616 21:20:13.084"/>
</kw>
<kw name="Element Should Be Visible" library="SeleniumLibrary">
<arg>//div[@id="result"]</arg>
<doc>Verifies that the element identified by ``locator`` is visible.</doc>
<msg timestamp="20220616 21:20:13.126" level="INFO">Element '//div[@id="result"]' is displayed.</msg>
<status status="PASS" starttime="20220616 21:20:13.086" endtime="20220616 21:20:13.126"/>
</kw>
<kw name="Element Should Contain" library="SeleniumLibrary">
<arg>//span[@class="text-success"]</arg>
<arg>notes</arg>
<doc>Verifies that element ``locator`` contains text ``expected``.</doc>
<msg timestamp="20220616 21:20:13.167" level="INFO">Element '//span[@class="text-success"]' contains text 'notes'.</msg>
<status status="PASS" starttime="20220616 21:20:13.127" endtime="20220616 21:20:13.167"/>
</kw>
<kw name="Sleep" library="BuiltIn">
<arg>5s</arg>
<doc>Pauses the test executed for the given time.</doc>
<msg timestamp="20220616 21:20:18.172" level="INFO">Slept 5 seconds</msg>
<status status="PASS" starttime="20220616 21:20:13.167" endtime="20220616 21:20:18.172"/>
</kw>
<status status="PASS" starttime="20220616 21:20:12.577" endtime="20220616 21:20:18.173"/>
</test>
<test id="s1-t3" name="Closing browser" line="29">
<kw name="Close Browser" library="SeleniumLibrary">
<doc>Closes the current browser.</doc>
<status status="PASS" starttime="20220616 21:20:18.176" endtime="20220616 21:20:20.886"/>
</kw>
<status status="PASS" starttime="20220616 21:20:18.175" endtime="20220616 21:20:20.887"/>
</test>
<status status="PASS" starttime="20220616 21:20:00.421" endtime="20220616 21:20:20.889"/>
</suite>
<statistics>
<total>
<stat pass="3" fail="0" skip="0">All Tests</stat>
</total>
<tag>
</tag>
<suite>
<stat pass="3" fail="0" skip="0" id="s1" name="Checkbox">Checkbox</stat>
</suite>
</statistics>
<errors>
</errors>
</robot>
